<?xml version="1.0" encoding="UTF-8"?>
<testng-results ignored="0" total="1" passed="1" failed="0" skipped="0">
  <reporter-output>
  </reporter-output>
  <suite started-at="2023-09-13T19:45:40 IST" name="Suite" finished-at="2023-09-13T19:45:50 IST" duration-ms="9968">
    <groups>
    </groups>
    <test started-at="2023-09-13T19:45:40 IST" name="Test" finished-at="2023-09-13T19:45:50 IST" duration-ms="9968">
      <class name="com.learnautomation.testcases.LoginTest">
        <test-method is-config="true" signature="setupApplication()[pri:0, instance:com.learnautomation.testcases.LoginTest@5386659f]" started-at="2023-09-13T19:45:40 IST" name="setupApplication" finished-at="2023-09-13T19:45:43 IST" duration-ms="3602" status="PASS">
          <reporter-output>
          </reporter-output>
        </test-method> <!-- setupApplication -->
        <test-method signature="loginWithValidCredentials(java.lang.String,java.lang.String)[pri:0, instance:com.learnautomation.testcases.LoginTest@5386659f]" started-at="2023-09-13T19:45:44 IST" name="loginWithValidCredentials" data-provider="userData" finished-at="2023-09-13T19:45:49 IST" duration-ms="5091" status="PASS">
          <params>
            <param index="0">
              <value>
                <![CDATA[admin@email.com]]>
              </value>
            </param>
            <param index="1">
              <value>
                <![CDATA[admin@123]]>
              </value>
            </param>
          </params>
          <reporter-output>
          </reporter-output>
        </test-method> <!-- loginWithValidCredentials -->
        <test-method is-config="true" signature="tearDownApplication()[pri:0, instance:com.learnautomation.testcases.LoginTest@5386659f]" started-at="2023-09-13T19:45:49 IST" name="tearDownApplication" finished-at="2023-09-13T19:45:50 IST" duration-ms="433" status="PASS">
          <reporter-output>
          </reporter-output>
        </test-method> <!-- tearDownApplication -->
      </class> <!-- com.learnautomation.testcases.LoginTest -->
    </test> <!-- Test -->
  </suite> <!-- Suite -->
</testng-results>
